<?xml version="1.0" encoding="UTF-8"?>
<testsuite name="SkeletonTest" tests="1" skipped="0" failures="0" errors="0" timestamp="2018-11-01T20:01:14" hostname="chuckc-imac.local" time="0.001">
  <properties/>
  <testcase name="testAppHasInfo" classname="SkeletonTest" time="0.001"/>
  <system-out><![CDATA[]]></system-out>
  <system-err><![CDATA[]]></system-err>
</testsuite>
